<?xml version="1.0" encoding="UTF-8"?>
<testsuite xmlns:xsi="http://www.w3.org/2001/XMLSchema-instance" xsi:noNamespaceSchemaLocation="https://maven.apache.org/surefire/maven-surefire-plugin/xsd/surefire-test-report.xsd" name="PersonalAccTest" time="17.103" tests="2" errors="0" skipped="0" failures="1">
  <properties>
[...]
</properties>
  <testcase name="successTransferToMainPageFromPersonalAcc" classname="PersonalAccTest" time="10.806">
    <failure message="Element not found {By.xpath: //*[@id=&quot;root&quot;]/div/header/nav/div/a/svg}&#10;Expected: visible or transparent: visible or have css value opacity=0&#10;Screenshot: file:/Users/martsen/IdeaProjects/Diplom/Diplom3/build/reports/tests/1651934523113.0.png&#10;Page source: file:/Users/martsen/IdeaProjects/Diplom/Diplom3/build/reports/tests/1651934523113.0.html&#10;Timeout: 4 s.&#10;Caused by: NoSuchElementException: no such element: Unable to locate element: {&quot;method&quot;:&quot;xpath&quot;,&quot;selector&quot;:&quot;//*[@id=&quot;root&quot;]/div/header/nav/div/a/svg&quot;}" type="com.codeborne.selenide.ex.ElementNotFound">com.codeborne.selenide.ex.ElementNotFound: 
Element not found {By.xpath: //*[@id="root"]/div/header/nav/div/a/svg}
Expected: visible or transparent: visible or have css value opacity=0
Screenshot: file:/Users/martsen/IdeaProjects/Diplom/Diplom3/build/reports/tests/1651934523113.0.png
Page source: file:/Users/martsen/IdeaProjects/Diplom/Diplom3/build/reports/tests/1651934523113.0.html
Timeout: 4 s.
Caused by: NoSuchElementException: no such element: Unable to locate element: {"method":"xpath","selector":"//*[@id="root"]/div/header/nav/div/a/svg"}
	at PersonalAccTest.successTransferToMainPageFromPersonalAcc(PersonalAccTest.java:46)
Caused by: org.openqa.selenium.NoSuchElementException: 
no such element: Unable to locate element: {"method":"xpath","selector":"//*[@id="root"]/div/header/nav/div/a/svg"}
  (Session info: chrome=101.0.4951.54)
For documentation on this error, please visit: https://selenium.dev/exceptions/#no_such_element
Build info: version: '4.1.0', revision: '87802e897b'
System info: host: 'martsen-osx', ip: 'fe80:0:0:0:102a:c855:8355:9131%en0', os.name: 'Mac OS X', os.arch: 'x86_64', os.version: '10.15.7', java.version: '11.0.14'
Driver info: org.openqa.selenium.chrome.ChromeDriver
Command: [9f9a8f08a4653745783b6b6faaa4925d, findElement {using=xpath, value=//*[@id="root"]/div/header/nav/div/a/svg}]
Capabilities {acceptInsecureCerts: true, browserName: chrome, browserVersion: 101.0.4951.54, chrome: {chromedriverVersion: 101.0.4951.41 (93c720db8323..., userDataDir: /var/folders/sq/b0zbtdkn3yd...}, goog:chromeOptions: {debuggerAddress: localhost:57016}, javascriptEnabled: true, networkConnectionEnabled: false, pageLoadStrategy: normal, platform: MAC, platformName: MAC, proxy: Proxy(), se:cdp: ws://localhost:57016/devtoo..., se:cdpVersion: 101.0.4951.54, setWindowRect: true, strictFileInteractability: false, timeouts: {implicit: 0, pageLoad: 300000, script: 30000}, unhandledPromptBehavior: dismiss and notify, webauthn:extension:credBlob: true, webauthn:extension:largeBlob: true, webauthn:virtualAuthenticators: true}
Session ID: 9f9a8f08a4653745783b6b6faaa4925d
	at PersonalAccTest.successTransferToMainPageFromPersonalAcc(PersonalAccTest.java:46)
</failure>
    <system-err><![CDATA[Starting ChromeDriver 101.0.4951.41 (93c720db8323b3ec10d056025ab95c23a31997c9-refs/branch-heads/4951@{#904}) on port 64754
Only local connections are allowed.
Please see https://chromedriver.chromium.org/security-considerations for suggestions on keeping ChromeDriver safe.
[1651934512.780][WARNING]: FromSockAddr failed on netmask
ChromeDriver was started successfully.
May 07, 2022 5:41:53 PM org.openqa.selenium.remote.ProtocolHandshake createSession
INFO: Detected dialect: W3C
May 07, 2022 5:41:53 PM org.openqa.selenium.devtools.CdpVersionFinder findNearestMatch
WARNING: Unable to find an exact match for CDP version 101, so returning the closest version found: a no-op implementation
May 07, 2022 5:41:53 PM org.openqa.selenium.devtools.CdpVersionFinder findNearestMatch
INFO: Unable to find CDP implementation matching 101.
May 07, 2022 5:41:53 PM org.openqa.selenium.chromium.ChromiumDriver lambda$new$3
WARNING: Unable to find version of CDP to use for . You may need to include a dependency on a specific version of the CDP using something similar to `org.seleniumhq.selenium:selenium-devtools-v86:4.1.0` where the version ("v86") matches the version of the chromium-based browser you're using and the version number of the artifact is the same as Selenium's.
]]></system-err>
  </testcase>
  <testcase name="successTransferToConstructor" classname="PersonalAccTest" time="6.293"/>
</testsuite>